  [1m[35m (408.9ms)[0m  [1m[35mCREATE DATABASE "ninety_nine_cats_development" ENCODING = 'unicode'[0m
  ↳ bin/rails:9
  [1m[35m (242.8ms)[0m  [1m[35mCREATE DATABASE "ninety_nine_cats_test" ENCODING = 'unicode'[0m
  ↳ bin/rails:9
  [1m[35m (1322.2ms)[0m  [1m[35mCREATE TABLE "schema_migrations" ("version" character varying NOT NULL PRIMARY KEY)[0m
  ↳ bin/rails:9
  [1m[35m (173.5ms)[0m  [1m[35mCREATE TABLE "ar_internal_metadata" ("key" character varying NOT NULL PRIMARY KEY, "value" character varying, "created_at" timestamp NOT NULL, "updated_at" timestamp NOT NULL)[0m
  ↳ bin/rails:9
  [1m[35m (0.3ms)[0m  [1m[34mSELECT pg_try_advisory_lock(723150122408807205)[0m
  ↳ bin/rails:9
  [1m[35m (11.9ms)[0m  [1m[34mSELECT "schema_migrations"."version" FROM "schema_migrations" ORDER BY "schema_migrations"."version" ASC[0m
  ↳ bin/rails:9
Migrating to CreateCats (20181218170019)
  [1m[35m (0.2ms)[0m  [1m[35mBEGIN[0m
  ↳ bin/rails:9
  [1m[35m (21.4ms)[0m  [1m[35mCREATE TABLE "cats" ("id" bigserial primary key, "birth_date" date NOT NULL, "color" character varying NOT NULL, "name" character varying NOT NULL, "sex" character varying NOT NULL, "description" character varying, "created_at" timestamp NOT NULL, "updated_at" timestamp NOT NULL)[0m
  ↳ db/migrate/20181218170019_create_cats.rb:3
  [1m[36mActiveRecord::SchemaMigration Create (0.7ms)[0m  [1m[32mINSERT INTO "schema_migrations" ("version") VALUES ($1) RETURNING "version"[0m  [["version", "20181218170019"]]
  ↳ bin/rails:9
  [1m[35m (0.7ms)[0m  [1m[35mCOMMIT[0m
  ↳ bin/rails:9
  [1m[36mActiveRecord::InternalMetadata Load (0.5ms)[0m  [1m[34mSELECT  "ar_internal_metadata".* FROM "ar_internal_metadata" WHERE "ar_internal_metadata"."key" = $1 LIMIT $2[0m  [["key", "environment"], ["LIMIT", 1]]
  ↳ bin/rails:9
  [1m[35m (0.2ms)[0m  [1m[35mBEGIN[0m
  ↳ bin/rails:9
  [1m[36mActiveRecord::InternalMetadata Create (0.5ms)[0m  [1m[32mINSERT INTO "ar_internal_metadata" ("key", "value", "created_at", "updated_at") VALUES ($1, $2, $3, $4) RETURNING "key"[0m  [["key", "environment"], ["value", "development"], ["created_at", "2018-12-18 17:05:38.903934"], ["updated_at", "2018-12-18 17:05:38.903934"]]
  ↳ bin/rails:9
  [1m[35m (0.5ms)[0m  [1m[35mCOMMIT[0m
  ↳ bin/rails:9
  [1m[35m (0.3ms)[0m  [1m[34mSELECT pg_advisory_unlock(723150122408807205)[0m
  ↳ bin/rails:9
  [1m[35m (0.3ms)[0m  [1m[34mSELECT "schema_migrations"."version" FROM "schema_migrations" ORDER BY "schema_migrations"."version" ASC[0m
  ↳ bin/rails:9
  [1m[35m (0.2ms)[0m  [1m[34mSELECT pg_try_advisory_lock(723150122408807205)[0m
  ↳ bin/rails:9
  [1m[35m (0.9ms)[0m  [1m[34mSELECT "schema_migrations"."version" FROM "schema_migrations" ORDER BY "schema_migrations"."version" ASC[0m
  ↳ bin/rails:9
Migrating to AddSexLimitToCats (20181218170905)
  [1m[35m (0.2ms)[0m  [1m[35mBEGIN[0m
  ↳ bin/rails:9
  [1m[35m (0.2ms)[0m  [1m[31mROLLBACK[0m
  ↳ bin/rails:9
  [1m[35m (0.3ms)[0m  [1m[34mSELECT pg_advisory_unlock(723150122408807205)[0m
  ↳ bin/rails:9
  [1m[35m (0.4ms)[0m  [1m[34mSELECT pg_try_advisory_lock(723150122408807205)[0m
  ↳ bin/rails:9
  [1m[35m (1.7ms)[0m  [1m[34mSELECT "schema_migrations"."version" FROM "schema_migrations" ORDER BY "schema_migrations"."version" ASC[0m
  ↳ bin/rails:9
Migrating to AddSexLimitToCats (20181218170905)
  [1m[35m (0.3ms)[0m  [1m[35mBEGIN[0m
  ↳ bin/rails:9
  [1m[35m (153.6ms)[0m  [1m[35mALTER TABLE "cats" ALTER COLUMN "sex" TYPE character varying(1)[0m
  ↳ db/migrate/20181218170905_add_sex_limit_to_cats.rb:3
  [1m[36mActiveRecord::SchemaMigration Create (0.6ms)[0m  [1m[32mINSERT INTO "schema_migrations" ("version") VALUES ($1) RETURNING "version"[0m  [["version", "20181218170905"]]
  ↳ bin/rails:9
  [1m[35m (2.8ms)[0m  [1m[35mCOMMIT[0m
  ↳ bin/rails:9
  [1m[36mActiveRecord::InternalMetadata Load (0.5ms)[0m  [1m[34mSELECT  "ar_internal_metadata".* FROM "ar_internal_metadata" WHERE "ar_internal_metadata"."key" = $1 LIMIT $2[0m  [["key", "environment"], ["LIMIT", 1]]
  ↳ bin/rails:9
  [1m[35m (0.2ms)[0m  [1m[35mBEGIN[0m
  ↳ bin/rails:9
  [1m[35m (0.2ms)[0m  [1m[35mCOMMIT[0m
  ↳ bin/rails:9
  [1m[35m (0.4ms)[0m  [1m[34mSELECT pg_advisory_unlock(723150122408807205)[0m
  ↳ bin/rails:9
  [1m[35m (0.3ms)[0m  [1m[34mSELECT "schema_migrations"."version" FROM "schema_migrations" ORDER BY "schema_migrations"."version" ASC[0m
  ↳ bin/rails:9
  [1m[35m (0.9ms)[0m  [1m[34mSELECT "schema_migrations"."version" FROM "schema_migrations" ORDER BY "schema_migrations"."version" ASC[0m
  ↳ /Users/aa/.rbenv/versions/2.5.1/bin/Annotate:23
  [1m[36mCat Load (21.1ms)[0m  [1m[34mSELECT  "cats".* FROM "cats" LIMIT $1[0m  [["LIMIT", 11]]
  [1m[35m (0.2ms)[0m  [1m[35mBEGIN[0m
  [1m[36mCat Create (11.7ms)[0m  [1m[32mINSERT INTO "cats" ("birth_date", "color", "name", "sex", "created_at", "updated_at") VALUES ($1, $2, $3, $4, $5, $6) RETURNING "id"[0m  [["birth_date", "2015-01-20"], ["color", "black"], ["name", "Digby"], ["sex", "M"], ["created_at", "2018-12-18 18:51:57.907897"], ["updated_at", "2018-12-18 18:51:57.907897"]]
  [1m[35m (0.6ms)[0m  [1m[35mCOMMIT[0m
  [1m[36mCat Load (0.6ms)[0m  [1m[34mSELECT  "cats".* FROM "cats" ORDER BY "cats"."id" ASC LIMIT $1[0m  [["LIMIT", 1]]
  [1m[36mCat Load (0.5ms)[0m  [1m[34mSELECT  "cats".* FROM "cats" ORDER BY "cats"."id" ASC LIMIT $1[0m  [["LIMIT", 1]]
  [1m[36mCat Load (0.5ms)[0m  [1m[34mSELECT  "cats".* FROM "cats" ORDER BY "cats"."id" ASC LIMIT $1[0m  [["LIMIT", 1]]
  [1m[36mCat Load (0.5ms)[0m  [1m[34mSELECT  "cats".* FROM "cats" ORDER BY "cats"."id" ASC LIMIT $1[0m  [["LIMIT", 1]]
Started GET "/" for 127.0.0.1 at 2018-12-18 14:17:58 -0500
  [1m[35m (16.7ms)[0m  [1m[34mSELECT "schema_migrations"."version" FROM "schema_migrations" ORDER BY "schema_migrations"."version" ASC[0m
  ↳ /Users/aa/.rbenv/versions/2.5.1/lib/ruby/gems/2.5.0/gems/activerecord-5.2.2/lib/active_record/log_subscriber.rb:98
Processing by Rails::WelcomeController#index as HTML
  Rendering /Users/aa/.rbenv/versions/2.5.1/lib/ruby/gems/2.5.0/gems/railties-5.2.2/lib/rails/templates/rails/welcome/index.html.erb
  Rendered /Users/aa/.rbenv/versions/2.5.1/lib/ruby/gems/2.5.0/gems/railties-5.2.2/lib/rails/templates/rails/welcome/index.html.erb (3.6ms)
Completed 200 OK in 99ms (Views: 79.5ms | ActiveRecord: 0.0ms)


Started GET "/cats" for 127.0.0.1 at 2018-12-18 14:18:04 -0500
Processing by CatsController#index as HTML
  Rendering cats/index.html.erb within layouts/application
  [1m[36mCat Load (0.8ms)[0m  [1m[34mSELECT "cats".* FROM "cats"[0m
  ↳ app/views/cats/index.html.erb:3
  Rendered cats/index.html.erb within layouts/application (47.5ms)
Completed 200 OK in 583ms (Views: 528.9ms | ActiveRecord: 7.8ms)


Started GET "/cats" for 127.0.0.1 at 2018-12-18 14:23:08 -0500
Processing by CatsController#index as HTML
  Rendering cats/index.html.erb within layouts/application
  [1m[36mCat Load (0.5ms)[0m  [1m[34mSELECT "cats".* FROM "cats"[0m
  ↳ app/views/cats/index.html.erb:3
  Rendered cats/index.html.erb within layouts/application (26.7ms)
Completed 500 Internal Server Error in 104ms (ActiveRecord: 7.0ms)


  
ActionView::Template::Error (No route matches {:action=>"show", :controller=>"cats"}, missing required keys: [:id]):
    1: <h1>All the cats!</h1>
    2: <ul>
    3: <% @cats.each do |cat| %>
    4:   <li><a href="<%= cat_url %>"><%= cat.name %></a></li>
    5: <% end %>
    6: </ul>
  
app/views/cats/index.html.erb:4:in `block in _app_views_cats_index_html_erb__2924805449387398145_70311449065720'
app/views/cats/index.html.erb:3:in `_app_views_cats_index_html_erb__2924805449387398145_70311449065720'
app/controllers/cats_controller.rb:5:in `index'
Started GET "/cats" for 127.0.0.1 at 2018-12-18 14:23:32 -0500
Processing by CatsController#index as HTML
  Rendering cats/index.html.erb within layouts/application
  [1m[36mCat Load (0.4ms)[0m  [1m[34mSELECT "cats".* FROM "cats"[0m
  ↳ app/views/cats/index.html.erb:3
  Rendered cats/index.html.erb within layouts/application (21.2ms)
Completed 500 Internal Server Error in 63ms (ActiveRecord: 7.9ms)


  
ActionView::Template::Error (No route matches {:action=>"show", :controller=>"cats"}, missing required keys: [:id]):
    1: <h1>All the cats!</h1>
    2: <ul>
    3: <% @cats.each do |cat| %>
    4:   <li><a href="<%= cat_url %>"><%= cat.name %></a></li>
    5: <% end %>
    6: </ul>
  
app/views/cats/index.html.erb:4:in `block in _app_views_cats_index_html_erb__2924805449387398145_70311447662860'
app/views/cats/index.html.erb:3:in `_app_views_cats_index_html_erb__2924805449387398145_70311447662860'
app/controllers/cats_controller.rb:5:in `index'
Started GET "/cats" for 127.0.0.1 at 2018-12-18 14:23:37 -0500
Processing by CatsController#index as HTML
  Rendering cats/index.html.erb within layouts/application
  [1m[36mCat Load (0.4ms)[0m  [1m[34mSELECT "cats".* FROM "cats"[0m
  ↳ app/views/cats/index.html.erb:3
  Rendered cats/index.html.erb within layouts/application (4.1ms)
Completed 500 Internal Server Error in 11ms (ActiveRecord: 0.4ms)


  
ActionView::Template::Error (No route matches {:action=>"show", :controller=>"cats"}, missing required keys: [:id]):
    1: <h1>All the cats!</h1>
    2: <ul>
    3: <% @cats.each do |cat| %>
    4:   <li><a href="<%= cat_url %>"><%= cat.name %></a></li>
    5: <% end %>
    6: </ul>
  
app/views/cats/index.html.erb:4:in `block in _app_views_cats_index_html_erb__2924805449387398145_70311428499320'
app/views/cats/index.html.erb:3:in `_app_views_cats_index_html_erb__2924805449387398145_70311428499320'
app/controllers/cats_controller.rb:5:in `index'
Started GET "/cats" for 127.0.0.1 at 2018-12-18 14:24:35 -0500
Processing by CatsController#index as HTML
  Rendering cats/index.html.erb within layouts/application
  [1m[36mCat Load (0.4ms)[0m  [1m[34mSELECT "cats".* FROM "cats"[0m
  ↳ app/views/cats/index.html.erb:3
  Rendered cats/index.html.erb within layouts/application (2.1ms)
Completed 200 OK in 53ms (Views: 52.3ms | ActiveRecord: 0.4ms)


Started GET "/cats/1" for 127.0.0.1 at 2018-12-18 14:24:38 -0500
Processing by CatsController#show as HTML
  Parameters: {"id"=>"1"}
Completed 406 Not Acceptable in 72ms (ActiveRecord: 0.0ms)


  
ActionController::UnknownFormat (CatsController#show is missing a template for this request format and variant.

request.formats: ["text/html"]
request.variant: []

NOTE! For XHR/Ajax or API requests, this action would normally respond with 204 No Content: an empty white screen. Since you're loading it in a web browser, we assume that you expected to actually render a template, not nothing, so we're showing an error to be extra-clear. If you expect 204 No Content, carry on. That's what you'll get from an XHR or API request. Give it a shot.):
  
actionpack (5.2.2) lib/action_controller/metal/implicit_render.rb:55:in `default_render'
actionpack (5.2.2) lib/action_controller/metal/basic_implicit_render.rb:6:in `block in send_action'
actionpack (5.2.2) lib/action_controller/metal/basic_implicit_render.rb:6:in `tap'
actionpack (5.2.2) lib/action_controller/metal/basic_implicit_render.rb:6:in `send_action'
actionpack (5.2.2) lib/abstract_controller/base.rb:194:in `process_action'
actionpack (5.2.2) lib/action_controller/metal/rendering.rb:30:in `process_action'
actionpack (5.2.2) lib/abstract_controller/callbacks.rb:42:in `block in process_action'
activesupport (5.2.2) lib/active_support/callbacks.rb:132:in `run_callbacks'
actionpack (5.2.2) lib/abstract_controller/callbacks.rb:41:in `process_action'
actionpack (5.2.2) lib/action_controller/metal/rescue.rb:22:in `process_action'
actionpack (5.2.2) lib/action_controller/metal/instrumentation.rb:34:in `block in process_action'
activesupport (5.2.2) lib/active_support/notifications.rb:168:in `block in instrument'
activesupport (5.2.2) lib/active_support/notifications/instrumenter.rb:23:in `instrument'
activesupport (5.2.2) lib/active_support/notifications.rb:168:in `instrument'
actionpack (5.2.2) lib/action_controller/metal/instrumentation.rb:32:in `process_action'
actionpack (5.2.2) lib/action_controller/metal/params_wrapper.rb:256:in `process_action'
activerecord (5.2.2) lib/active_record/railties/controller_runtime.rb:24:in `process_action'
actionpack (5.2.2) lib/abstract_controller/base.rb:134:in `process'
actionview (5.2.2) lib/action_view/rendering.rb:32:in `process'
actionpack (5.2.2) lib/action_controller/metal.rb:191:in `dispatch'
actionpack (5.2.2) lib/action_controller/metal.rb:252:in `dispatch'
actionpack (5.2.2) lib/action_dispatch/routing/route_set.rb:52:in `dispatch'
actionpack (5.2.2) lib/action_dispatch/routing/route_set.rb:34:in `serve'
actionpack (5.2.2) lib/action_dispatch/journey/router.rb:52:in `block in serve'
actionpack (5.2.2) lib/action_dispatch/journey/router.rb:35:in `each'
actionpack (5.2.2) lib/action_dispatch/journey/router.rb:35:in `serve'
actionpack (5.2.2) lib/action_dispatch/routing/route_set.rb:840:in `call'
rack (2.0.6) lib/rack/tempfile_reaper.rb:15:in `call'
rack (2.0.6) lib/rack/etag.rb:25:in `call'
rack (2.0.6) lib/rack/conditional_get.rb:25:in `call'
rack (2.0.6) lib/rack/head.rb:12:in `call'
actionpack (5.2.2) lib/action_dispatch/http/content_security_policy.rb:18:in `call'
rack (2.0.6) lib/rack/session/abstract/id.rb:232:in `context'
rack (2.0.6) lib/rack/session/abstract/id.rb:226:in `call'
actionpack (5.2.2) lib/action_dispatch/middleware/cookies.rb:670:in `call'
activerecord (5.2.2) lib/active_record/migration.rb:559:in `call'
actionpack (5.2.2) lib/action_dispatch/middleware/callbacks.rb:28:in `block in call'
activesupport (5.2.2) lib/active_support/callbacks.rb:98:in `run_callbacks'
actionpack (5.2.2) lib/action_dispatch/middleware/callbacks.rb:26:in `call'
actionpack (5.2.2) lib/action_dispatch/middleware/executor.rb:14:in `call'
actionpack (5.2.2) lib/action_dispatch/middleware/debug_exceptions.rb:61:in `call'
web-console (3.7.0) lib/web_console/middleware.rb:135:in `call_app'
web-console (3.7.0) lib/web_console/middleware.rb:30:in `block in call'
web-console (3.7.0) lib/web_console/middleware.rb:20:in `catch'
web-console (3.7.0) lib/web_console/middleware.rb:20:in `call'
actionpack (5.2.2) lib/action_dispatch/middleware/show_exceptions.rb:33:in `call'
railties (5.2.2) lib/rails/rack/logger.rb:38:in `call_app'
railties (5.2.2) lib/rails/rack/logger.rb:26:in `block in call'
activesupport (5.2.2) lib/active_support/tagged_logging.rb:71:in `block in tagged'
activesupport (5.2.2) lib/active_support/tagged_logging.rb:28:in `tagged'
activesupport (5.2.2) lib/active_support/tagged_logging.rb:71:in `tagged'
railties (5.2.2) lib/rails/rack/logger.rb:26:in `call'
sprockets-rails (3.2.1) lib/sprockets/rails/quiet_assets.rb:13:in `call'
actionpack (5.2.2) lib/action_dispatch/middleware/remote_ip.rb:81:in `call'
actionpack (5.2.2) lib/action_dispatch/middleware/request_id.rb:27:in `call'
rack (2.0.6) lib/rack/method_override.rb:22:in `call'
rack (2.0.6) lib/rack/runtime.rb:22:in `call'
activesupport (5.2.2) lib/active_support/cache/strategy/local_cache_middleware.rb:29:in `call'
actionpack (5.2.2) lib/action_dispatch/middleware/executor.rb:14:in `call'
actionpack (5.2.2) lib/action_dispatch/middleware/static.rb:127:in `call'
rack (2.0.6) lib/rack/sendfile.rb:111:in `call'
railties (5.2.2) lib/rails/engine.rb:524:in `call'
puma (3.12.0) lib/puma/configuration.rb:225:in `call'
puma (3.12.0) lib/puma/server.rb:658:in `handle_request'
puma (3.12.0) lib/puma/server.rb:472:in `process_client'
puma (3.12.0) lib/puma/server.rb:332:in `block in run'
puma (3.12.0) lib/puma/thread_pool.rb:133:in `block in spawn_thread'
Started GET "/cats" for 127.0.0.1 at 2018-12-18 14:29:53 -0500
Processing by CatsController#index as HTML
  Rendering cats/index.html.erb within layouts/application
  [1m[36mCat Load (0.4ms)[0m  [1m[34mSELECT "cats".* FROM "cats"[0m
  ↳ app/views/cats/index.html.erb:3
  Rendered cats/index.html.erb within layouts/application (16.8ms)
Completed 200 OK in 97ms (Views: 63.6ms | ActiveRecord: 7.8ms)


Started GET "/cats" for 127.0.0.1 at 2018-12-18 14:29:54 -0500
Processing by CatsController#index as HTML
  Rendering cats/index.html.erb within layouts/application
  [1m[36mCat Load (0.4ms)[0m  [1m[34mSELECT "cats".* FROM "cats"[0m
  ↳ app/views/cats/index.html.erb:3
  Rendered cats/index.html.erb within layouts/application (1.7ms)
Completed 200 OK in 11ms (Views: 9.5ms | ActiveRecord: 0.4ms)


Started GET "/cats/1" for 127.0.0.1 at 2018-12-18 14:29:55 -0500
Processing by CatsController#show as HTML
  Parameters: {"id"=>"1"}
  [1m[36mCat Load (0.9ms)[0m  [1m[34mSELECT  "cats".* FROM "cats" WHERE "cats"."id" IS NULL LIMIT $1[0m  [["LIMIT", 1]]
  ↳ app/controllers/cats_controller.rb:9
Completed 404 Not Found in 22ms (ActiveRecord: 0.9ms)


  
ActiveRecord::RecordNotFound (Couldn't find Cat with 'id'={:id=>"1"}):
  
app/controllers/cats_controller.rb:9:in `show'
Started GET "/cats/1" for 127.0.0.1 at 2018-12-18 14:30:16 -0500
Processing by CatsController#show as HTML
  Parameters: {"id"=>"1"}
  [1m[36mCat Load (0.4ms)[0m  [1m[34mSELECT  "cats".* FROM "cats" WHERE "cats"."id" = $1 LIMIT $2[0m  [["id", 1], ["LIMIT", 1]]
  ↳ app/controllers/cats_controller.rb:9
  Rendering cats/show.html.erb within layouts/application
  Rendered cats/show.html.erb within layouts/application (266.7ms)
Completed 500 Internal Server Error in 291ms (ActiveRecord: 7.3ms)


  
ActionView::Template::Error (undefined local variable or method `cat' for #<#<Class:0x00007fe551b52668>:0x00007fe551b48ca8>
Did you mean?  @cat):
    1: <h1><%= @cat.name %></h1>
    2: <ul>
    3:   <li>Color: <% cat.color%></li>
    4:   <li>Age: <% cat.age%></li>
    5:   <li>Sex: <% cat.sex%></li>
    6: </ul>
  
app/views/cats/show.html.erb:3:in `_app_views_cats_show_html_erb___850941915970959232_70311447496960'
app/controllers/cats_controller.rb:10:in `show'
Started GET "/cats/1" for 127.0.0.1 at 2018-12-18 14:30:19 -0500
Processing by CatsController#show as HTML
  Parameters: {"id"=>"1"}
  [1m[36mCat Load (0.5ms)[0m  [1m[34mSELECT  "cats".* FROM "cats" WHERE "cats"."id" = $1 LIMIT $2[0m  [["id", 1], ["LIMIT", 1]]
  ↳ app/controllers/cats_controller.rb:9
  Rendering cats/show.html.erb within layouts/application
  Rendered cats/show.html.erb within layouts/application (317.9ms)
Completed 500 Internal Server Error in 324ms (ActiveRecord: 0.5ms)


  
ActionView::Template::Error (undefined local variable or method `cat' for #<#<Class:0x00007fe551b52668>:0x00007fe54c59c4a8>
Did you mean?  @cat):
    1: <h1><%= @cat.name %></h1>
    2: <ul>
    3:   <li>Color: <% cat.color%></li>
    4:   <li>Age: <% cat.age%></li>
    5:   <li>Sex: <% cat.sex%></li>
    6: </ul>
  
app/views/cats/show.html.erb:3:in `_app_views_cats_show_html_erb___850941915970959232_70311402532360'
app/controllers/cats_controller.rb:10:in `show'
Started GET "/cats/1" for 127.0.0.1 at 2018-12-18 14:30:33 -0500
Processing by CatsController#show as HTML
  Parameters: {"id"=>"1"}
  [1m[36mCat Load (0.4ms)[0m  [1m[34mSELECT  "cats".* FROM "cats" WHERE "cats"."id" = $1 LIMIT $2[0m  [["id", nil], ["LIMIT", 1]]
  ↳ app/controllers/cats_controller.rb:9
Completed 404 Not Found in 14ms (ActiveRecord: 8.0ms)


  
ActiveRecord::RecordNotFound (Couldn't find Cat with 'id'={"controller"=>"cats", "action"=>"show", "id"=>"1"}):
  
app/controllers/cats_controller.rb:9:in `show'
Started GET "/cats" for 127.0.0.1 at 2018-12-18 14:31:19 -0500
Processing by CatsController#index as HTML
  Rendering cats/index.html.erb within layouts/application
  [1m[36mCat Load (0.4ms)[0m  [1m[34mSELECT "cats".* FROM "cats"[0m
  ↳ app/views/cats/index.html.erb:3
  Rendered cats/index.html.erb within layouts/application (17.9ms)
Completed 200 OK in 94ms (Views: 64.1ms | ActiveRecord: 6.9ms)


Started GET "/cats" for 127.0.0.1 at 2018-12-18 14:31:20 -0500
Processing by CatsController#index as HTML
  Rendering cats/index.html.erb within layouts/application
  [1m[36mCat Load (0.4ms)[0m  [1m[34mSELECT "cats".* FROM "cats"[0m
  ↳ app/views/cats/index.html.erb:3
  Rendered cats/index.html.erb within layouts/application (1.9ms)
Completed 200 OK in 10ms (Views: 8.5ms | ActiveRecord: 0.4ms)


Started GET "/cats/1" for 127.0.0.1 at 2018-12-18 14:31:22 -0500
Processing by CatsController#show as HTML
  Parameters: {"id"=>"1"}
  [1m[36mCat Load (0.4ms)[0m  [1m[34mSELECT  "cats".* FROM "cats" WHERE "cats"."id" = $1 LIMIT $2[0m  [["id", 1], ["LIMIT", 1]]
  ↳ app/controllers/cats_controller.rb:9
  Rendering cats/show.html.erb within layouts/application
  Rendered cats/show.html.erb within layouts/application (250.6ms)
Completed 500 Internal Server Error in 301ms (ActiveRecord: 0.4ms)


  
ActionView::Template::Error (undefined local variable or method `cat' for #<#<Class:0x00007fe551eaf720>:0x00007fe551dbfbf8>
Did you mean?  @cat):
    1: <h1><%= @cat.name %></h1>
    2: <ul>
    3:   <li>Color: <% cat.color%></li>
    4:   <li>Age: <% cat.age%></li>
    5:   <li>Sex: <% cat.sex%></li>
    6: </ul>
  
app/views/cats/show.html.erb:3:in `_app_views_cats_show_html_erb___850941915970959232_70311448785700'
app/controllers/cats_controller.rb:10:in `show'
Started GET "/cats/1" for 127.0.0.1 at 2018-12-18 14:31:58 -0500
Processing by CatsController#show as HTML
  Parameters: {"id"=>"1"}
  [1m[36mCat Load (0.5ms)[0m  [1m[34mSELECT  "cats".* FROM "cats" WHERE "cats"."id" = $1 LIMIT $2[0m  [["id", 1], ["LIMIT", 1]]
  ↳ app/controllers/cats_controller.rb:9
  Rendering cats/show.html.erb within layouts/application
  Rendered cats/show.html.erb within layouts/application (12.0ms)
Completed 200 OK in 21ms (Views: 19.3ms | ActiveRecord: 0.5ms)


Started GET "/cats/1" for 127.0.0.1 at 2018-12-18 14:32:04 -0500
Processing by CatsController#show as HTML
  Parameters: {"id"=>"1"}
  [1m[36mCat Load (0.4ms)[0m  [1m[34mSELECT  "cats".* FROM "cats" WHERE "cats"."id" = $1 LIMIT $2[0m  [["id", 1], ["LIMIT", 1]]
  ↳ app/controllers/cats_controller.rb:9
  Rendering cats/show.html.erb within layouts/application
  Rendered cats/show.html.erb within layouts/application (1.2ms)
Completed 200 OK in 14ms (Views: 11.6ms | ActiveRecord: 0.4ms)


Started GET "/cats/1" for 127.0.0.1 at 2018-12-18 14:32:40 -0500
Processing by CatsController#show as HTML
  Parameters: {"id"=>"1"}
  [1m[36mCat Load (0.3ms)[0m  [1m[34mSELECT  "cats".* FROM "cats" WHERE "cats"."id" = $1 LIMIT $2[0m  [["id", 1], ["LIMIT", 1]]
  ↳ app/controllers/cats_controller.rb:9
  Rendering cats/show.html.erb within layouts/application
  Rendered cats/show.html.erb within layouts/application (1.0ms)
Completed 200 OK in 10ms (Views: 8.0ms | ActiveRecord: 0.3ms)


Started GET "/cats" for 127.0.0.1 at 2018-12-18 14:32:42 -0500
Processing by CatsController#index as HTML
  Rendering cats/index.html.erb within layouts/application
  [1m[36mCat Load (0.4ms)[0m  [1m[34mSELECT "cats".* FROM "cats"[0m
  ↳ app/views/cats/index.html.erb:3
  Rendered cats/index.html.erb within layouts/application (2.3ms)
Completed 200 OK in 71ms (Views: 69.0ms | ActiveRecord: 0.4ms)


Started GET "/cats/1" for 127.0.0.1 at 2018-12-18 14:35:03 -0500
Processing by CatsController#show as HTML
  Parameters: {"id"=>"1"}
  [1m[36mCat Load (0.5ms)[0m  [1m[34mSELECT  "cats".* FROM "cats" WHERE "cats"."id" = $1 LIMIT $2[0m  [["id", 1], ["LIMIT", 1]]
  ↳ app/controllers/cats_controller.rb:9
  Rendering cats/show.html.erb within layouts/application
  Rendered cats/show.html.erb within layouts/application (1.3ms)
Completed 200 OK in 43ms (Views: 35.6ms | ActiveRecord: 0.5ms)


Started GET "/cats/1" for 127.0.0.1 at 2018-12-18 14:36:10 -0500
Processing by CatsController#show as HTML
  Parameters: {"id"=>"1"}
  [1m[36mCat Load (0.3ms)[0m  [1m[34mSELECT  "cats".* FROM "cats" WHERE "cats"."id" = $1 LIMIT $2[0m  [["id", 1], ["LIMIT", 1]]
  ↳ app/controllers/cats_controller.rb:9
  Rendering cats/show.html.erb within layouts/application
  Rendered cats/show.html.erb within layouts/application (0.9ms)
Completed 200 OK in 62ms (Views: 59.9ms | ActiveRecord: 0.3ms)


Started GET "/cats/1" for 127.0.0.1 at 2018-12-18 15:20:15 -0500
Processing by CatsController#show as HTML
  Parameters: {"id"=>"1"}
  [1m[36mCat Load (0.9ms)[0m  [1m[34mSELECT  "cats".* FROM "cats" WHERE "cats"."id" = $1 LIMIT $2[0m  [["id", 1], ["LIMIT", 1]]
  ↳ app/controllers/cats_controller.rb:9
  Rendering cats/show.html.erb within layouts/application
  Rendered cats/show.html.erb within layouts/application (1.5ms)
Completed 200 OK in 146ms (Views: 55.5ms | ActiveRecord: 13.2ms)


Started GET "/cats" for 127.0.0.1 at 2018-12-18 15:20:18 -0500
Processing by CatsController#index as HTML
  Rendering cats/index.html.erb within layouts/application
  [1m[36mCat Load (0.5ms)[0m  [1m[34mSELECT "cats".* FROM "cats"[0m
  ↳ app/views/cats/index.html.erb:3
  Rendered cats/index.html.erb within layouts/application (306.2ms)
Completed 500 Internal Server Error in 310ms (ActiveRecord: 0.5ms)


  
ActionView::Template::Error (undefined local variable or method `cat_new_url' for #<#<Class:0x00007fe551ebf6e8>:0x00007fe551e37068>
Did you mean?  cat_url):
    4:   <li><a href="<%= cat_url(cat) %>"><%= cat.name %></a></li>
    5: <% end %>
    6: </ul>
    7: <p><a href="<%= cat_new_url %>">Build a new cat &gt;&gt;</a></p>
  
app/views/cats/index.html.erb:7:in `_app_views_cats_index_html_erb__2924805449387398145_70311449046000'
app/controllers/cats_controller.rb:5:in `index'
Started GET "/cats" for 127.0.0.1 at 2018-12-18 15:21:38 -0500
  [1m[35m (14.0ms)[0m  [1m[34mSELECT "schema_migrations"."version" FROM "schema_migrations" ORDER BY "schema_migrations"."version" ASC[0m
  ↳ /Users/aa/.rbenv/versions/2.5.1/lib/ruby/gems/2.5.0/gems/activerecord-5.2.2/lib/active_record/log_subscriber.rb:98
Processing by CatsController#index as HTML
  Rendering cats/index.html.erb within layouts/application
  [1m[36mCat Load (1.0ms)[0m  [1m[34mSELECT "cats".* FROM "cats"[0m
  ↳ app/views/cats/index.html.erb:3
  Rendered cats/index.html.erb within layouts/application (41.3ms)
Completed 200 OK in 359ms (Views: 327.9ms | ActiveRecord: 7.8ms)


Started GET "/cats" for 127.0.0.1 at 2018-12-18 15:21:48 -0500
Processing by CatsController#index as HTML
  Rendering cats/index.html.erb within layouts/application
  [1m[36mCat Load (0.5ms)[0m  [1m[34mSELECT "cats".* FROM "cats"[0m
  ↳ app/views/cats/index.html.erb:3
  Rendered cats/index.html.erb within layouts/application (2.2ms)
Completed 200 OK in 10ms (Views: 8.6ms | ActiveRecord: 0.5ms)


Started GET "/cats/new" for 127.0.0.1 at 2018-12-18 15:21:51 -0500
Processing by CatsController#new as HTML
  Rendering cats/new.html.erb within layouts/application
  Rendered cats/new.html.erb within layouts/application (0.6ms)
Completed 500 Internal Server Error in 19ms (ActiveRecord: 0.0ms)


  
SyntaxError (/Users/aa/Desktop/W4D2/ninety_nine_cats/app/views/cats/new.html.erb:1: syntax error, unexpected ';', expecting =>
...der "form", edit: false, @cat ;
...                              ^):
  
app/views/cats/new.html.erb:1: syntax error, unexpected ';', expecting =>
app/controllers/cats_controller.rb:15:in `new'
Started GET "/cats/new" for 127.0.0.1 at 2018-12-18 15:23:45 -0500
Processing by CatsController#new as HTML
  Rendering cats/new.html.erb within layouts/application
  Rendered cats/_form.html.erb (2.5ms)
  Rendered cats/new.html.erb within layouts/application (13.2ms)
Completed 500 Internal Server Error in 24ms (ActiveRecord: 0.0ms)


  
ActionView::Template::Error (No route matches {:action=>"show", :controller=>"cats"}, missing required keys: [:id]):
    2: <% if edit %>
    3: <% action = cat_url(cat) %>
    4: <% else %>
    5: <% action = cat_url %>
    6: <% end %>
    7: <form action="<%= action %>" method="POST">
    8:   <input type="hidden" name="_method" value="PATCH">
  
app/views/cats/_form.html.erb:5:in `_app_views_cats__form_html_erb___1122673915886615496_70338301188000'
app/views/cats/new.html.erb:1:in `_app_views_cats_new_html_erb___1511307633122362221_70338301629200'
app/controllers/cats_controller.rb:15:in `new'
Started GET "/cats/new" for 127.0.0.1 at 2018-12-18 15:23:56 -0500
Processing by CatsController#new as HTML
  Rendering cats/new.html.erb within layouts/application
  Rendered cats/_form.html.erb (9.7ms)
  Rendered cats/new.html.erb within layouts/application (12.5ms)
Completed 500 Internal Server Error in 23ms (ActiveRecord: 0.0ms)


  
ActionView::Template::Error (No route matches {:action=>"show", :controller=>"cats"}, missing required keys: [:id]):
    2: <% if edit %>
    3: <% action = cat_url(cat) %>
    4: <% else %>
    5: <% action = cat_url %>
    6: <% end %>
    7: <form action="<%= action %>" method="POST">
    8:   <input type="hidden" name="_method" value="PATCH">
  
app/views/cats/_form.html.erb:5:in `_app_views_cats__form_html_erb___1122673915886615496_70338341262580'
app/views/cats/new.html.erb:1:in `_app_views_cats_new_html_erb___1511307633122362221_70338341199380'
app/controllers/cats_controller.rb:15:in `new'
Started GET "/cats/new" for 127.0.0.1 at 2018-12-18 15:24:29 -0500
Processing by CatsController#new as HTML
  Rendering cats/new.html.erb within layouts/application
  Rendered cats/_form.html.erb (3.9ms)
  Rendered cats/new.html.erb within layouts/application (14.7ms)
Completed 500 Internal Server Error in 48ms (ActiveRecord: 0.0ms)


  
ActionView::Template::Error (No route matches {:action=>"show", :controller=>"cats"}, missing required keys: [:id]):
    2: <% if edit %>
    3: <% action = cat_url(cat) %>
    4: <% else %>
    5: <% action = cat_url %>
    6: <% end %>
    7: <form action="<%= action %>" method="POST">
    8:   <input type="hidden" name="_method" value="PATCH">
  
app/views/cats/_form.html.erb:5:in `_app_views_cats__form_html_erb___1122673915886615496_70338326259080'
app/views/cats/new.html.erb:1:in `_app_views_cats_new_html_erb___1511307633122362221_70338326380220'
app/controllers/cats_controller.rb:15:in `new'
Started GET "/cats/new" for 127.0.0.1 at 2018-12-18 15:25:50 -0500
Processing by CatsController#new as HTML
  Rendering cats/new.html.erb within layouts/application
  Rendered cats/_form.html.erb (266.6ms)
  Rendered cats/new.html.erb within layouts/application (268.8ms)
Completed 500 Internal Server Error in 302ms (ActiveRecord: 0.0ms)


  
ActionView::Template::Error (undefined local variable or method `selected' for #<#<Class:0x00007ff1d5ab7678>:0x00007ff1d5fd40c0>
Did you mean?  select):
    23:     <tr>
    24:       <td>Color:</td>
    25:       <td><select name="cat[color]"> 
    26:         <option value= "choose a color" disabled <%= selected if cat.color.nil? %>>
    27:         <% cat.colors.each do |color| %>
    28:         <option value= "<%= color %>">
    29:         <% end %>
  
app/views/cats/_form.html.erb:26:in `_app_views_cats__form_html_erb___1122673915886615496_70338326930300'
app/views/cats/new.html.erb:1:in `_app_views_cats_new_html_erb___1511307633122362221_70338326980880'
app/controllers/cats_controller.rb:15:in `new'
Started GET "/cats/new" for 127.0.0.1 at 2018-12-18 15:26:46 -0500
Processing by CatsController#new as HTML
  Rendering cats/new.html.erb within layouts/application
  Rendered cats/_form.html.erb (0.8ms)
  Rendered cats/new.html.erb within layouts/application (3.1ms)
Completed 200 OK in 70ms (Views: 68.8ms | ActiveRecord: 0.0ms)


Started GET "/cats/new" for 127.0.0.1 at 2018-12-18 15:27:40 -0500
Processing by CatsController#new as HTML
  Rendering cats/new.html.erb within layouts/application
  Rendered cats/_form.html.erb (2.4ms)
  Rendered cats/new.html.erb within layouts/application (4.6ms)
Completed 200 OK in 12ms (Views: 11.6ms | ActiveRecord: 0.0ms)


Started GET "/cats/new" for 127.0.0.1 at 2018-12-18 15:27:51 -0500
Processing by CatsController#new as HTML
  Rendering cats/new.html.erb within layouts/application
  Rendered cats/_form.html.erb (1.1ms)
  Rendered cats/new.html.erb within layouts/application (3.2ms)
Completed 200 OK in 14ms (Views: 13.1ms | ActiveRecord: 0.0ms)


Started GET "/cats/new" for 127.0.0.1 at 2018-12-18 15:30:36 -0500
Processing by CatsController#new as HTML
  Rendering cats/new.html.erb within layouts/application
  Rendered cats/_form.html.erb (1.0ms)
  Rendered cats/new.html.erb within layouts/application (3.0ms)
Completed 200 OK in 51ms (Views: 50.4ms | ActiveRecord: 0.0ms)


Started GET "/cats/new" for 127.0.0.1 at 2018-12-18 15:41:13 -0500
Processing by CatsController#new as HTML
  Rendering cats/new.html.erb within layouts/application
  Rendered cats/_form.html.erb (1.9ms)
  Rendered cats/new.html.erb within layouts/application (4.4ms)
Completed 200 OK in 63ms (Views: 56.9ms | ActiveRecord: 0.0ms)


Started GET "/cats/new" for 127.0.0.1 at 2018-12-18 15:41:57 -0500
Processing by CatsController#new as HTML
  Rendering cats/new.html.erb within layouts/application
  Rendered cats/_form.html.erb (2.5ms)
  Rendered cats/new.html.erb within layouts/application (5.2ms)
Completed 200 OK in 56ms (Views: 54.5ms | ActiveRecord: 0.0ms)


Started GET "/cats/new" for 127.0.0.1 at 2018-12-18 15:42:31 -0500
Processing by CatsController#new as HTML
  Rendering cats/new.html.erb within layouts/application
  Rendered cats/_form.html.erb (7.1ms)
  Rendered cats/new.html.erb within layouts/application (10.7ms)
Completed 200 OK in 72ms (Views: 70.1ms | ActiveRecord: 0.0ms)


Started GET "/cats/new" for 127.0.0.1 at 2018-12-18 15:44:16 -0500
Processing by CatsController#new as HTML
  Rendering cats/new.html.erb within layouts/application
  Rendered cats/_form.html.erb (1.6ms)
  Rendered cats/new.html.erb within layouts/application (3.5ms)
Completed 200 OK in 54ms (Views: 52.8ms | ActiveRecord: 0.0ms)


Started GET "/cats/new" for 127.0.0.1 at 2018-12-18 15:44:26 -0500
Processing by CatsController#new as HTML
  Rendering cats/new.html.erb within layouts/application
  Rendered cats/_form.html.erb (2.1ms)
  Rendered cats/new.html.erb within layouts/application (5.5ms)
Completed 200 OK in 18ms (Views: 16.8ms | ActiveRecord: 0.0ms)


Started GET "/cats/new" for 127.0.0.1 at 2018-12-18 15:44:27 -0500
Processing by CatsController#new as HTML
  Rendering cats/new.html.erb within layouts/application
  Rendered cats/_form.html.erb (1.8ms)
  Rendered cats/new.html.erb within layouts/application (3.9ms)
Completed 200 OK in 30ms (Views: 29.0ms | ActiveRecord: 0.0ms)


Started GET "/cats/new" for 127.0.0.1 at 2018-12-18 15:44:45 -0500
Processing by CatsController#new as HTML
  Rendering cats/new.html.erb within layouts/application
  Rendered cats/_form.html.erb (2.0ms)
  Rendered cats/new.html.erb within layouts/application (12.5ms)
Completed 200 OK in 68ms (Views: 66.5ms | ActiveRecord: 0.0ms)


Started GET "/cats" for 127.0.0.1 at 2018-12-18 15:45:05 -0500
Processing by CatsController#index as HTML
  Rendering cats/index.html.erb within layouts/application
  [1m[36mCat Load (1.3ms)[0m  [1m[34mSELECT "cats".* FROM "cats"[0m
  ↳ app/views/cats/index.html.erb:3
  Rendered cats/index.html.erb within layouts/application (16.5ms)
Completed 200 OK in 62ms (Views: 52.9ms | ActiveRecord: 7.9ms)


Started GET "/cats/new" for 127.0.0.1 at 2018-12-18 15:45:06 -0500
Processing by CatsController#new as HTML
  Rendering cats/new.html.erb within layouts/application
  Rendered cats/_form.html.erb (2.2ms)
  Rendered cats/new.html.erb within layouts/application (5.4ms)
Completed 200 OK in 67ms (Views: 66.5ms | ActiveRecord: 0.0ms)


Started GET "/cats/new" for 127.0.0.1 at 2018-12-18 15:46:34 -0500
Processing by CatsController#new as HTML
  Rendering cats/new.html.erb within layouts/application
  Rendered cats/_form.html.erb (4.9ms)
  Rendered cats/new.html.erb within layouts/application (8.0ms)
Completed 200 OK in 63ms (Views: 62.9ms | ActiveRecord: 0.0ms)


